{"/workspaces/incluidos.com.br/models/calculadora.js": {"path":"/workspaces/incluidos.com.br/models/calculadora.js","statementMap":{"0":{"start":{"line":2,"column":2},"end":{"line":2,"column":74}},"1":{"start":{"line":2,"column":60},"end":{"line":2,"column":74}},"2":{"start":{"line":3,"column":2},"end":{"line":3,"column":21}},"3":{"start":{"line":6,"column":0},"end":{"line":6,"column":20}}},"fnMap":{"0":{"name":"soma","decl":{"start":{"line":1,"column":9},"end":{"line":1,"column":13}},"loc":{"start":{"line":1,"column":26},"end":{"line":4,"column":1}},"line":1}},"branchMap":{"0":{"loc":{"start":{"line":2,"column":2},"end":{"line":2,"column":74}},"type":"if","locations":[{"start":{"line":2,"column":2},"end":{"line":2,"column":74}},{"start":{},"end":{}}],"line":2},"1":{"loc":{"start":{"line":2,"column":6},"end":{"line":2,"column":58}},"type":"binary-expr","locations":[{"start":{"line":2,"column":6},"end":{"line":2,"column":30}},{"start":{"line":2,"column":34},"end":{"line":2,"column":58}}],"line":2}},"s":{"0":3,"1":1,"2":2,"3":1},"f":{"0":3},"b":{"0":[1,2],"1":[3,2]},"_coverageSchema":"1a1c01bbd47fc00a2c39e90264f33305004495a9","hash":"05397b5468e223d752edb97d7b7abf7ce5352abb"}
}
